<?xml version="1.0" encoding="UTF-8"?>
<testsuite xmlns:xsi="http://www.w3.org/2001/XMLSchema-instance" xsi:noNamespaceSchemaLocation="https://maven.apache.org/surefire/maven-surefire-plugin/xsd/surefire-test-report-3.0.xsd" version="3.0" name="com.cqu.marketplace.common.ResponseFormatPropertyTest" time="0.455" tests="9" errors="0" skipped="0" failures="0">
  <properties>
[...]
</properties>
  <testcase name="pageResultFieldsShouldBeConsistent" classname="com.cqu.marketplace.common.ResponseFormatPropertyTest" time="0.257">
    <system-out><![CDATA[timestamp = 2026-01-02T17:15:08.795360700, ResponseFormatPropertyTest:pageResultFieldsShouldBeConsistent = 
                              |-----------------------jqwik-----------------------
tries = 100                   | # of calls to property
checks = 100                  | # of not rejected calls
generation = RANDOMIZED       | parameters are randomly generated
after-failure = SAMPLE_FIRST  | try previously failed sample, then previous seed
when-fixed-seed = ALLOW       | fixing the random seed is allowed
edge-cases#mode = MIXIN       | edge cases are mixed in
edge-cases#total = 80         | # of all combined edge cases
edge-cases#tried = 18         | # of edge cases tried in current run
seed = 2151150273292413431    | random seed to reproduce generated values


]]></system-out>
  </testcase>
  <testcase name="resultTimestampsShouldBeMonotonicallyIncreasing" classname="com.cqu.marketplace.common.ResponseFormatPropertyTest" time="0.02">
    <system-out><![CDATA[timestamp = 2026-01-02T17:15:08.818198400, ResponseFormatPropertyTest:resultTimestampsShouldBeMonotonicallyIncreasing = 
                              |-----------------------jqwik-----------------------
tries = 50                    | # of calls to property
checks = 50                   | # of not rejected calls
generation = RANDOMIZED       | parameters are randomly generated
after-failure = SAMPLE_FIRST  | try previously failed sample, then previous seed
when-fixed-seed = ALLOW       | fixing the random seed is allowed
edge-cases#mode = MIXIN       | edge cases are mixed in
edge-cases#total = 0          | # of all combined edge cases
edge-cases#tried = 0          | # of edge cases tried in current run
seed = 7322774978548239319    | random seed to reproduce generated values


]]></system-out>
    <system-err><![CDATA[1月 02, 2026 5:15:08 下午 net.jqwik.engine.execution.CheckedProperty maybeWarnOnMultipleTriesWithoutForallParameters
警告: Running Property [ResponseFormatPropertyTest:resultTimestampsShouldBeMonotonicallyIncreasing] in container [com.cqu.marketplace.common.ResponseFormatPropertyTest] without any @ForAll parameters for 50 tries.
    Maybe you want to change it into an @Example?
]]></system-err>
  </testcase>
  <testcase name="specificErrorResultsShouldHaveCorrectCodes" classname="com.cqu.marketplace.common.ResponseFormatPropertyTest" time="0.072">
    <system-out><![CDATA[timestamp = 2026-01-02T17:15:08.888927400, ResponseFormatPropertyTest:specificErrorResultsShouldHaveCorrectCodes = 
                              |-----------------------jqwik-----------------------
tries = 100                   | # of calls to property
checks = 100                  | # of not rejected calls
generation = RANDOMIZED       | parameters are randomly generated
after-failure = SAMPLE_FIRST  | try previously failed sample, then previous seed
when-fixed-seed = ALLOW       | fixing the random seed is allowed
edge-cases#mode = MIXIN       | edge cases are mixed in
edge-cases#total = 2          | # of all combined edge cases
edge-cases#tried = 2          | # of edge cases tried in current run
seed = -1766304690202079214   | random seed to reproduce generated values


]]></system-out>
  </testcase>
  <testcase name="emptyPageResultShouldHaveCorrectFormat" classname="com.cqu.marketplace.common.ResponseFormatPropertyTest" time="0.016">
    <system-out><![CDATA[timestamp = 2026-01-02T17:15:08.906542900, ResponseFormatPropertyTest:emptyPageResultShouldHaveCorrectFormat = 
                              |-----------------------jqwik-----------------------
tries = 100                   | # of calls to property
checks = 100                  | # of not rejected calls
generation = RANDOMIZED       | parameters are randomly generated
after-failure = SAMPLE_FIRST  | try previously failed sample, then previous seed
when-fixed-seed = ALLOW       | fixing the random seed is allowed
edge-cases#mode = MIXIN       | edge cases are mixed in
edge-cases#total = 16         | # of all combined edge cases
edge-cases#tried = 15         | # of edge cases tried in current run
seed = 6965330929704860884    | random seed to reproduce generated values


]]></system-out>
  </testcase>
  <testcase name="successResultShouldHaveCorrectFormat" classname="com.cqu.marketplace.common.ResponseFormatPropertyTest" time="0.015">
    <system-out><![CDATA[timestamp = 2026-01-02T17:15:08.922968100, ResponseFormatPropertyTest:successResultShouldHaveCorrectFormat = 
                              |-----------------------jqwik-----------------------
tries = 100                   | # of calls to property
checks = 100                  | # of not rejected calls
generation = RANDOMIZED       | parameters are randomly generated
after-failure = SAMPLE_FIRST  | try previously failed sample, then previous seed
when-fixed-seed = ALLOW       | fixing the random seed is allowed
edge-cases#mode = MIXIN       | edge cases are mixed in
edge-cases#total = 3          | # of all combined edge cases
edge-cases#tried = 3          | # of edge cases tried in current run
seed = -6283257358692638245   | random seed to reproduce generated values


]]></system-out>
  </testcase>
  <testcase name="pageResultShouldHandleBoundaryValues" classname="com.cqu.marketplace.common.ResponseFormatPropertyTest" time="0.02">
    <system-out><![CDATA[timestamp = 2026-01-02T17:15:08.942034600, ResponseFormatPropertyTest:pageResultShouldHandleBoundaryValues = 
                              |-----------------------jqwik-----------------------
tries = 50                    | # of calls to property
checks = 50                   | # of not rejected calls
generation = RANDOMIZED       | parameters are randomly generated
after-failure = SAMPLE_FIRST  | try previously failed sample, then previous seed
when-fixed-seed = ALLOW       | fixing the random seed is allowed
edge-cases#mode = MIXIN       | edge cases are mixed in
edge-cases#total = 64         | # of all combined edge cases
edge-cases#tried = 5          | # of edge cases tried in current run
seed = -3852117148272262115   | random seed to reproduce generated values


]]></system-out>
  </testcase>
  <testcase name="resultFieldsShouldBeConsistent" classname="com.cqu.marketplace.common.ResponseFormatPropertyTest" time="0.017">
    <system-out><![CDATA[timestamp = 2026-01-02T17:15:08.960930600, ResponseFormatPropertyTest:resultFieldsShouldBeConsistent = 
                              |-----------------------jqwik-----------------------
tries = 100                   | # of calls to property
checks = 100                  | # of not rejected calls
generation = RANDOMIZED       | parameters are randomly generated
after-failure = SAMPLE_FIRST  | try previously failed sample, then previous seed
when-fixed-seed = ALLOW       | fixing the random seed is allowed
edge-cases#mode = MIXIN       | edge cases are mixed in
edge-cases#total = 24         | # of all combined edge cases
edge-cases#tried = 24         | # of edge cases tried in current run
seed = -7001649768946776449   | random seed to reproduce generated values


]]></system-out>
  </testcase>
  <testcase name="errorResultShouldHaveCorrectFormat" classname="com.cqu.marketplace.common.ResponseFormatPropertyTest" time="0.008">
    <system-out><![CDATA[timestamp = 2026-01-02T17:15:08.969232200, ResponseFormatPropertyTest:errorResultShouldHaveCorrectFormat = 
                              |-----------------------jqwik-----------------------
tries = 100                   | # of calls to property
checks = 100                  | # of not rejected calls
generation = RANDOMIZED       | parameters are randomly generated
after-failure = SAMPLE_FIRST  | try previously failed sample, then previous seed
when-fixed-seed = ALLOW       | fixing the random seed is allowed
edge-cases#mode = MIXIN       | edge cases are mixed in
edge-cases#total = 8          | # of all combined edge cases
edge-cases#tried = 8          | # of edge cases tried in current run
seed = -9198761307160553850   | random seed to reproduce generated values


]]></system-out>
  </testcase>
  <testcase name="pageResultShouldHaveCorrectFormat" classname="com.cqu.marketplace.common.ResponseFormatPropertyTest" time="0.007">
    <system-out><![CDATA[timestamp = 2026-01-02T17:15:08.977707400, ResponseFormatPropertyTest:pageResultShouldHaveCorrectFormat = 
                              |-----------------------jqwik-----------------------
tries = 100                   | # of calls to property
checks = 100                  | # of not rejected calls
generation = RANDOMIZED       | parameters are randomly generated
after-failure = SAMPLE_FIRST  | try previously failed sample, then previous seed
when-fixed-seed = ALLOW       | fixing the random seed is allowed
edge-cases#mode = MIXIN       | edge cases are mixed in
edge-cases#total = 80         | # of all combined edge cases
edge-cases#tried = 7          | # of edge cases tried in current run
seed = -8434210002154956519   | random seed to reproduce generated values


]]></system-out>
  </testcase>
</testsuite>