<?xml version="1.0" encoding="UTF-8"?>
<testsuite xmlns:xsi="http://www.w3.org/2001/XMLSchema-instance" xsi:noNamespaceSchemaLocation="https://maven.apache.org/surefire/maven-surefire-plugin/xsd/surefire-test-report-3.0.xsd" version="3.0" name="com.cqu.marketplace.review.ReviewCreationIntegrationTest" time="9.337" tests="6" errors="0" skipped="0" failures="0">
  <properties>
[...]
</properties>
  <testcase name="createReview_Fail_WhenOrderStatusIsNotReceived" classname="com.cqu.marketplace.review.ReviewCreationIntegrationTest" time="0.659">
    <system-out><![CDATA[17:15:23.931 [main] INFO org.springframework.test.context.support.AnnotationConfigContextLoaderUtils -- Could not detect default configuration classes for test class [com.cqu.marketplace.review.ReviewCreationIntegrationTest]: ReviewCreationIntegrationTest does not declare any static, non-private, non-final, nested classes annotated with @Configuration.
17:15:24.021 [main] INFO org.springframework.boot.test.context.SpringBootTestContextBootstrapper -- Found @SpringBootConfiguration com.cqu.marketplace.review.ReviewServiceApplication for test class com.cqu.marketplace.review.ReviewCreationIntegrationTest

  .   ____          _            __ _ _
 /\\ / ___'_ __ _ _(_)_ __  __ _ \ \ \ \
( ( )\___ | '_ | '_| | '_ \/ _` | \ \ \ \
 \\/  ___)| |_)| | | | | || (_| |  ) ) ) )
  '  |____| .__|_| |_|_| |_\__, | / / / /
 =========|_|==============|___/=/_/_/_/
 :: Spring Boot ::                (v3.2.1)

2026-01-02T17:15:24.896+08:00  INFO 39084 --- [review-service] [           main] c.c.m.r.ReviewCreationIntegrationTest    : Starting ReviewCreationIntegrationTest using Java 17.0.15 with PID 39084 (started by HuaXW in D:\Study-hxw\Project\1699分布式微服务\services\review-service)
2026-01-02T17:15:24.897+08:00 DEBUG 39084 --- [review-service] [           main] c.c.m.r.ReviewCreationIntegrationTest    : Running with Spring Boot v3.2.1, Spring v6.1.2
2026-01-02T17:15:24.897+08:00  INFO 39084 --- [review-service] [           main] c.c.m.r.ReviewCreationIntegrationTest    : The following 1 profile is active: "test"
2026-01-02T17:15:26.283+08:00  INFO 39084 --- [review-service] [           main] o.s.cloud.context.scope.GenericScope     : BeanFactory id=6aabce3f-65d0-3035-b3b5-c48f841ca712
2026-01-02T17:15:28.270+08:00  INFO 39084 --- [review-service] [           main] com.zaxxer.hikari.HikariDataSource       : HikariPool-1 - Starting...
2026-01-02T17:15:28.600+08:00  INFO 39084 --- [review-service] [           main] com.zaxxer.hikari.pool.HikariPool        : HikariPool-1 - Added connection conn0: url=jdbc:h2:mem:testdb user=SA
2026-01-02T17:15:28.604+08:00  INFO 39084 --- [review-service] [           main] com.zaxxer.hikari.HikariDataSource       : HikariPool-1 - Start completed.
Logging initialized using 'class org.apache.ibatis.logging.stdout.StdOutImpl' adapter.
Initialization Sequence datacenterId:1 workerId:21
 _ _   |_  _ _|_. ___ _ |    _ 
| | |\/|_)(_| | |_\  |_)||_|_\ 
     /               |         
                        3.5.5 
2026-01-02T17:15:31.911+08:00  INFO 39084 --- [review-service] [           main] o.s.b.a.e.web.EndpointLinksResolver      : Exposing 2 endpoint(s) beneath base path '/actuator'
2026-01-02T17:15:32.070+08:00  INFO 39084 --- [review-service] [           main] c.c.m.r.ReviewCreationIntegrationTest    : Started ReviewCreationIntegrationTest in 7.826 seconds (process running for 8.84)
Creating a new SqlSession
SqlSession [org.apache.ibatis.session.defaults.DefaultSqlSession@6e7d9d0] was not registered for synchronization because synchronization is not active
JDBC Connection [HikariProxyConnection@93418194 wrapping conn0: url=jdbc:h2:mem:testdb user=SA] will not be managed by Spring
==>  Preparing: UPDATE review SET deleted=1 WHERE deleted=0
==> Parameters: 
<==    Updates: 0
Closing non transactional SqlSession [org.apache.ibatis.session.defaults.DefaultSqlSession@6e7d9d0]
]]></system-out>
  </testcase>
  <testcase name="createReview_Success_EvenIfMarkAsReviewedFails" classname="com.cqu.marketplace.review.ReviewCreationIntegrationTest" time="0.115">
    <system-out><![CDATA[Creating a new SqlSession
SqlSession [org.apache.ibatis.session.defaults.DefaultSqlSession@823f978] was not registered for synchronization because synchronization is not active
JDBC Connection [HikariProxyConnection@1637207591 wrapping conn0: url=jdbc:h2:mem:testdb user=SA] will not be managed by Spring
==>  Preparing: UPDATE review SET deleted=1 WHERE deleted=0
==> Parameters: 
<==    Updates: 0
Closing non transactional SqlSession [org.apache.ibatis.session.defaults.DefaultSqlSession@823f978]
Creating a new SqlSession
Registering transaction synchronization for SqlSession [org.apache.ibatis.session.defaults.DefaultSqlSession@2d6e09f0]
JDBC Connection [HikariProxyConnection@1265189536 wrapping conn0: url=jdbc:h2:mem:testdb user=SA] will be managed by Spring
==>  Preparing: SELECT COUNT( * ) AS total FROM review WHERE deleted=0 AND (order_id = ?)
==> Parameters: 6(Long)
<==    Columns: TOTAL
<==        Row: 0
<==      Total: 1
Releasing transactional SqlSession [org.apache.ibatis.session.defaults.DefaultSqlSession@2d6e09f0]
Fetched SqlSession [org.apache.ibatis.session.defaults.DefaultSqlSession@2d6e09f0] from current transaction
==>  Preparing: INSERT INTO review ( order_id, product_id, buyer_id, seller_id, rating, content, deleted, created_at ) VALUES ( ?, ?, ?, ?, ?, ?, ?, ? )
==> Parameters: 6(Long), 300(Long), 100(Long), 200(Long), 5(Integer), 测试(String), false(Boolean), 2026-01-02T17:15:33.010679900(LocalDateTime)
<==    Updates: 1
Releasing transactional SqlSession [org.apache.ibatis.session.defaults.DefaultSqlSession@2d6e09f0]
2026-01-02T17:15:33.019+08:00  WARN 39084 --- [review-service] [           main] c.c.m.r.service.impl.ReviewServiceImpl   : 标记订单为已评价失败: orderId=6, message=状态更新失败
2026-01-02T17:15:33.020+08:00  INFO 39084 --- [review-service] [           main] c.c.m.r.service.impl.ReviewServiceImpl   : 评价创建成功: reviewId=1, orderId=6
Transaction synchronization committing SqlSession [org.apache.ibatis.session.defaults.DefaultSqlSession@2d6e09f0]
Transaction synchronization deregistering SqlSession [org.apache.ibatis.session.defaults.DefaultSqlSession@2d6e09f0]
Transaction synchronization closing SqlSession [org.apache.ibatis.session.defaults.DefaultSqlSession@2d6e09f0]
Creating a new SqlSession
SqlSession [org.apache.ibatis.session.defaults.DefaultSqlSession@5ad13be4] was not registered for synchronization because synchronization is not active
JDBC Connection [HikariProxyConnection@781449501 wrapping conn0: url=jdbc:h2:mem:testdb user=SA] will not be managed by Spring
==>  Preparing: SELECT id,order_id,product_id,buyer_id,seller_id,rating,content,deleted,created_at FROM review WHERE id=? AND deleted=0
==> Parameters: 1(Long)
<==    Columns: ID, ORDER_ID, PRODUCT_ID, BUYER_ID, SELLER_ID, RATING, CONTENT, DELETED, CREATED_AT
<==        Row: 1, 6, 300, 100, 200, 5, 测试, 0, 2026-01-02 17:15:33.01068
<==      Total: 1
Closing non transactional SqlSession [org.apache.ibatis.session.defaults.DefaultSqlSession@5ad13be4]
]]></system-out>
  </testcase>
  <testcase name="createReview_Success_WhenOrderStatusIsReceived" classname="com.cqu.marketplace.review.ReviewCreationIntegrationTest" time="0.017">
    <system-out><![CDATA[Creating a new SqlSession
SqlSession [org.apache.ibatis.session.defaults.DefaultSqlSession@69c7eafd] was not registered for synchronization because synchronization is not active
JDBC Connection [HikariProxyConnection@1852753695 wrapping conn0: url=jdbc:h2:mem:testdb user=SA] will not be managed by Spring
==>  Preparing: UPDATE review SET deleted=1 WHERE deleted=0
==> Parameters: 
<==    Updates: 1
Closing non transactional SqlSession [org.apache.ibatis.session.defaults.DefaultSqlSession@69c7eafd]
Creating a new SqlSession
Registering transaction synchronization for SqlSession [org.apache.ibatis.session.defaults.DefaultSqlSession@1e387974]
JDBC Connection [HikariProxyConnection@2087016410 wrapping conn0: url=jdbc:h2:mem:testdb user=SA] will be managed by Spring
==>  Preparing: SELECT COUNT( * ) AS total FROM review WHERE deleted=0 AND (order_id = ?)
==> Parameters: 1(Long)
<==    Columns: TOTAL
<==        Row: 0
<==      Total: 1
Releasing transactional SqlSession [org.apache.ibatis.session.defaults.DefaultSqlSession@1e387974]
Fetched SqlSession [org.apache.ibatis.session.defaults.DefaultSqlSession@1e387974] from current transaction
==>  Preparing: INSERT INTO review ( order_id, product_id, buyer_id, seller_id, rating, content, deleted, created_at ) VALUES ( ?, ?, ?, ?, ?, ?, ?, ? )
==> Parameters: 1(Long), 300(Long), 100(Long), 200(Long), 5(Integer), 非常满意！(String), false(Boolean), 2026-01-02T17:15:33.037716300(LocalDateTime)
<==    Updates: 1
Releasing transactional SqlSession [org.apache.ibatis.session.defaults.DefaultSqlSession@1e387974]
2026-01-02T17:15:33.038+08:00  INFO 39084 --- [review-service] [           main] c.c.m.r.service.impl.ReviewServiceImpl   : 评价创建成功: reviewId=2, orderId=1
Transaction synchronization committing SqlSession [org.apache.ibatis.session.defaults.DefaultSqlSession@1e387974]
Transaction synchronization deregistering SqlSession [org.apache.ibatis.session.defaults.DefaultSqlSession@1e387974]
Transaction synchronization closing SqlSession [org.apache.ibatis.session.defaults.DefaultSqlSession@1e387974]
Creating a new SqlSession
SqlSession [org.apache.ibatis.session.defaults.DefaultSqlSession@642b2176] was not registered for synchronization because synchronization is not active
JDBC Connection [HikariProxyConnection@965023582 wrapping conn0: url=jdbc:h2:mem:testdb user=SA] will not be managed by Spring
==>  Preparing: SELECT id,order_id,product_id,buyer_id,seller_id,rating,content,deleted,created_at FROM review WHERE id=? AND deleted=0
==> Parameters: 2(Long)
<==    Columns: ID, ORDER_ID, PRODUCT_ID, BUYER_ID, SELLER_ID, RATING, CONTENT, DELETED, CREATED_AT
<==        Row: 2, 1, 300, 100, 200, 5, 非常满意！, 0, 2026-01-02 17:15:33.037716
<==      Total: 1
Closing non transactional SqlSession [org.apache.ibatis.session.defaults.DefaultSqlSession@642b2176]
]]></system-out>
  </testcase>
  <testcase name="createReview_Fail_WhenNotBuyer" classname="com.cqu.marketplace.review.ReviewCreationIntegrationTest" time="0.007">
    <system-out><![CDATA[Creating a new SqlSession
SqlSession [org.apache.ibatis.session.defaults.DefaultSqlSession@1798c749] was not registered for synchronization because synchronization is not active
JDBC Connection [HikariProxyConnection@1919870671 wrapping conn0: url=jdbc:h2:mem:testdb user=SA] will not be managed by Spring
==>  Preparing: UPDATE review SET deleted=1 WHERE deleted=0
==> Parameters: 
<==    Updates: 1
Closing non transactional SqlSession [org.apache.ibatis.session.defaults.DefaultSqlSession@1798c749]
]]></system-out>
  </testcase>
  <testcase name="createReview_Fail_WhenAlreadyReviewed" classname="com.cqu.marketplace.review.ReviewCreationIntegrationTest" time="0.016">
    <system-out><![CDATA[Creating a new SqlSession
SqlSession [org.apache.ibatis.session.defaults.DefaultSqlSession@624268ab] was not registered for synchronization because synchronization is not active
JDBC Connection [HikariProxyConnection@858872101 wrapping conn0: url=jdbc:h2:mem:testdb user=SA] will not be managed by Spring
==>  Preparing: UPDATE review SET deleted=1 WHERE deleted=0
==> Parameters: 
<==    Updates: 0
Closing non transactional SqlSession [org.apache.ibatis.session.defaults.DefaultSqlSession@624268ab]
Creating a new SqlSession
Registering transaction synchronization for SqlSession [org.apache.ibatis.session.defaults.DefaultSqlSession@366c9912]
JDBC Connection [HikariProxyConnection@327004479 wrapping conn0: url=jdbc:h2:mem:testdb user=SA] will be managed by Spring
==>  Preparing: SELECT COUNT( * ) AS total FROM review WHERE deleted=0 AND (order_id = ?)
==> Parameters: 4(Long)
<==    Columns: TOTAL
<==        Row: 0
<==      Total: 1
Releasing transactional SqlSession [org.apache.ibatis.session.defaults.DefaultSqlSession@366c9912]
Fetched SqlSession [org.apache.ibatis.session.defaults.DefaultSqlSession@366c9912] from current transaction
==>  Preparing: INSERT INTO review ( order_id, product_id, buyer_id, seller_id, rating, content, deleted, created_at ) VALUES ( ?, ?, ?, ?, ?, ?, ?, ? )
==> Parameters: 4(Long), 300(Long), 100(Long), 200(Long), 5(Integer), 第一次评价(String), false(Boolean), 2026-01-02T17:15:33.064294600(LocalDateTime)
<==    Updates: 1
Releasing transactional SqlSession [org.apache.ibatis.session.defaults.DefaultSqlSession@366c9912]
2026-01-02T17:15:33.067+08:00  INFO 39084 --- [review-service] [           main] c.c.m.r.service.impl.ReviewServiceImpl   : 评价创建成功: reviewId=3, orderId=4
Transaction synchronization committing SqlSession [org.apache.ibatis.session.defaults.DefaultSqlSession@366c9912]
Transaction synchronization deregistering SqlSession [org.apache.ibatis.session.defaults.DefaultSqlSession@366c9912]
Transaction synchronization closing SqlSession [org.apache.ibatis.session.defaults.DefaultSqlSession@366c9912]
Creating a new SqlSession
Registering transaction synchronization for SqlSession [org.apache.ibatis.session.defaults.DefaultSqlSession@38224635]
JDBC Connection [HikariProxyConnection@1609638725 wrapping conn0: url=jdbc:h2:mem:testdb user=SA] will be managed by Spring
==>  Preparing: SELECT COUNT( * ) AS total FROM review WHERE deleted=0 AND (order_id = ?)
==> Parameters: 4(Long)
<==    Columns: TOTAL
<==        Row: 1
<==      Total: 1
Releasing transactional SqlSession [org.apache.ibatis.session.defaults.DefaultSqlSession@38224635]
Transaction synchronization deregistering SqlSession [org.apache.ibatis.session.defaults.DefaultSqlSession@38224635]
Transaction synchronization closing SqlSession [org.apache.ibatis.session.defaults.DefaultSqlSession@38224635]
]]></system-out>
  </testcase>
  <testcase name="createReview_CallsMarkAsReviewed_AfterSuccess" classname="com.cqu.marketplace.review.ReviewCreationIntegrationTest" time="0.014">
    <system-out><![CDATA[Creating a new SqlSession
SqlSession [org.apache.ibatis.session.defaults.DefaultSqlSession@74fda9ed] was not registered for synchronization because synchronization is not active
JDBC Connection [HikariProxyConnection@715117698 wrapping conn0: url=jdbc:h2:mem:testdb user=SA] will not be managed by Spring
==>  Preparing: UPDATE review SET deleted=1 WHERE deleted=0
==> Parameters: 
<==    Updates: 1
Closing non transactional SqlSession [org.apache.ibatis.session.defaults.DefaultSqlSession@74fda9ed]
Creating a new SqlSession
Registering transaction synchronization for SqlSession [org.apache.ibatis.session.defaults.DefaultSqlSession@19ce597a]
JDBC Connection [HikariProxyConnection@551705591 wrapping conn0: url=jdbc:h2:mem:testdb user=SA] will be managed by Spring
==>  Preparing: SELECT COUNT( * ) AS total FROM review WHERE deleted=0 AND (order_id = ?)
==> Parameters: 5(Long)
<==    Columns: TOTAL
<==        Row: 0
<==      Total: 1
Releasing transactional SqlSession [org.apache.ibatis.session.defaults.DefaultSqlSession@19ce597a]
Fetched SqlSession [org.apache.ibatis.session.defaults.DefaultSqlSession@19ce597a] from current transaction
==>  Preparing: INSERT INTO review ( order_id, product_id, buyer_id, seller_id, rating, content, deleted, created_at ) VALUES ( ?, ?, ?, ?, ?, ?, ?, ? )
==> Parameters: 5(Long), 300(Long), 100(Long), 200(Long), 4(Integer), 测试 markAsReviewed 调用(String), false(Boolean), 2026-01-02T17:15:33.084348(LocalDateTime)
<==    Updates: 1
Releasing transactional SqlSession [org.apache.ibatis.session.defaults.DefaultSqlSession@19ce597a]
2026-01-02T17:15:33.085+08:00  INFO 39084 --- [review-service] [           main] c.c.m.r.service.impl.ReviewServiceImpl   : 评价创建成功: reviewId=4, orderId=5
Transaction synchronization committing SqlSession [org.apache.ibatis.session.defaults.DefaultSqlSession@19ce597a]
Transaction synchronization deregistering SqlSession [org.apache.ibatis.session.defaults.DefaultSqlSession@19ce597a]
Transaction synchronization closing SqlSession [org.apache.ibatis.session.defaults.DefaultSqlSession@19ce597a]
]]></system-out>
  </testcase>
</testsuite>