<?xml version="1.0" encoding="UTF-8"?>
<testsuite xmlns:xsi="http://www.w3.org/2001/XMLSchema-instance" xsi:noNamespaceSchemaLocation="https://maven.apache.org/surefire/maven-surefire-plugin/xsd/surefire-test-report-3.0.xsd" version="3.0" name="com.cqu.marketplace.product.StockRollbackPropertyTest" time="0.176" tests="4" errors="0" skipped="0" failures="0">
  <properties>
[...]
</properties>
  <testcase name="multipleDecrementAndRollback" classname="com.cqu.marketplace.product.StockRollbackPropertyTest" time="0.027">
    <system-out><![CDATA[2026-01-02T17:15:20.197+08:00  INFO 39692 --- [product-service] [           main] t.c.s.AnnotationConfigContextLoaderUtils : Could not detect default configuration classes for test class [com.cqu.marketplace.product.StockRollbackPropertyTest]: StockRollbackPropertyTest does not declare any static, non-private, non-final, nested classes annotated with @Configuration.
2026-01-02T17:15:20.198+08:00  INFO 39692 --- [product-service] [           main] .b.t.c.SpringBootTestContextBootstrapper : Found @SpringBootConfiguration com.cqu.marketplace.product.ProductServiceApplication for test class com.cqu.marketplace.product.StockRollbackPropertyTest
Creating a new SqlSession
SqlSession [org.apache.ibatis.session.defaults.DefaultSqlSession@435a2c7d] was not registered for synchronization because synchronization is not active
JDBC Connection [HikariProxyConnection@1961793483 wrapping conn0: url=jdbc:h2:mem:testdb user=SA] will not be managed by Spring
==>  Preparing: INSERT INTO product ( seller_id, name, description, price, image_url, category, stock, status, created_at, updated_at ) VALUES ( ?, ?, ?, ?, ?, ?, ?, ?, ?, ? )
==> Parameters: 1(Long), test-rollback-1767345320206(String), test(String), 99.99(BigDecimal), /uploads/test.jpg(String), test(String), 10(Integer), ON_SALE(String), 2026-01-02T17:15:20.208546(LocalDateTime), 2026-01-02T17:15:20.208546(LocalDateTime)
<==    Updates: 1
Closing non transactional SqlSession [org.apache.ibatis.session.defaults.DefaultSqlSession@435a2c7d]
Creating a new SqlSession
SqlSession [org.apache.ibatis.session.defaults.DefaultSqlSession@5dff108c] was not registered for synchronization because synchronization is not active
JDBC Connection [HikariProxyConnection@584351497 wrapping conn0: url=jdbc:h2:mem:testdb user=SA] will not be managed by Spring
==>  Preparing: UPDATE product SET stock = stock - 1, status = CASE WHEN stock - 1 = 0 THEN 'SOLD' ELSE status END, updated_at = NOW() WHERE id = ? AND stock > 0 AND status = 'ON_SALE'
==> Parameters: 6(Long)
<==    Updates: 1
Closing non transactional SqlSession [org.apache.ibatis.session.defaults.DefaultSqlSession@5dff108c]
Creating a new SqlSession
SqlSession [org.apache.ibatis.session.defaults.DefaultSqlSession@28100232] was not registered for synchronization because synchronization is not active
JDBC Connection [HikariProxyConnection@645038677 wrapping conn0: url=jdbc:h2:mem:testdb user=SA] will not be managed by Spring
==>  Preparing: UPDATE product SET stock = stock - 1, status = CASE WHEN stock - 1 = 0 THEN 'SOLD' ELSE status END, updated_at = NOW() WHERE id = ? AND stock > 0 AND status = 'ON_SALE'
==> Parameters: 6(Long)
<==    Updates: 1
Closing non transactional SqlSession [org.apache.ibatis.session.defaults.DefaultSqlSession@28100232]
Creating a new SqlSession
SqlSession [org.apache.ibatis.session.defaults.DefaultSqlSession@32c8d67] was not registered for synchronization because synchronization is not active
JDBC Connection [HikariProxyConnection@42047036 wrapping conn0: url=jdbc:h2:mem:testdb user=SA] will not be managed by Spring
==>  Preparing: UPDATE product SET stock = stock - 1, status = CASE WHEN stock - 1 = 0 THEN 'SOLD' ELSE status END, updated_at = NOW() WHERE id = ? AND stock > 0 AND status = 'ON_SALE'
==> Parameters: 6(Long)
<==    Updates: 1
Closing non transactional SqlSession [org.apache.ibatis.session.defaults.DefaultSqlSession@32c8d67]
Creating a new SqlSession
SqlSession [org.apache.ibatis.session.defaults.DefaultSqlSession@2a2815cc] was not registered for synchronization because synchronization is not active
JDBC Connection [HikariProxyConnection@419060470 wrapping conn0: url=jdbc:h2:mem:testdb user=SA] will not be managed by Spring
==>  Preparing: UPDATE product SET stock = stock - 1, status = CASE WHEN stock - 1 = 0 THEN 'SOLD' ELSE status END, updated_at = NOW() WHERE id = ? AND stock > 0 AND status = 'ON_SALE'
==> Parameters: 6(Long)
<==    Updates: 1
Closing non transactional SqlSession [org.apache.ibatis.session.defaults.DefaultSqlSession@2a2815cc]
Creating a new SqlSession
SqlSession [org.apache.ibatis.session.defaults.DefaultSqlSession@7fdabb3b] was not registered for synchronization because synchronization is not active
JDBC Connection [HikariProxyConnection@1902437002 wrapping conn0: url=jdbc:h2:mem:testdb user=SA] will not be managed by Spring
==>  Preparing: UPDATE product SET stock = stock - 1, status = CASE WHEN stock - 1 = 0 THEN 'SOLD' ELSE status END, updated_at = NOW() WHERE id = ? AND stock > 0 AND status = 'ON_SALE'
==> Parameters: 6(Long)
<==    Updates: 1
Closing non transactional SqlSession [org.apache.ibatis.session.defaults.DefaultSqlSession@7fdabb3b]
Creating a new SqlSession
SqlSession [org.apache.ibatis.session.defaults.DefaultSqlSession@1b881f1f] was not registered for synchronization because synchronization is not active
JDBC Connection [HikariProxyConnection@1374673778 wrapping conn0: url=jdbc:h2:mem:testdb user=SA] will not be managed by Spring
==>  Preparing: SELECT id,seller_id,name,description,price,image_url,category,stock,status,created_at,updated_at FROM product WHERE id=?
==> Parameters: 6(Long)
<==    Columns: ID, SELLER_ID, NAME, DESCRIPTION, PRICE, IMAGE_URL, CATEGORY, STOCK, STATUS, CREATED_AT, UPDATED_AT
<==        Row: 6, 1, test-rollback-1767345320206, test, 99.99, /uploads/test.jpg, test, 5, ON_SALE, 2026-01-02 17:15:20.208546, 2026-01-02 17:15:20.214548
<==      Total: 1
Closing non transactional SqlSession [org.apache.ibatis.session.defaults.DefaultSqlSession@1b881f1f]
Creating a new SqlSession
SqlSession [org.apache.ibatis.session.defaults.DefaultSqlSession@76cbee13] was not registered for synchronization because synchronization is not active
JDBC Connection [HikariProxyConnection@1506844659 wrapping conn0: url=jdbc:h2:mem:testdb user=SA] will not be managed by Spring
==>  Preparing: UPDATE product SET stock = stock + 1, status = 'ON_SALE', updated_at = NOW() WHERE id = ? AND status IN ('ON_SALE', 'SOLD')
==> Parameters: 6(Long)
<==    Updates: 1
Closing non transactional SqlSession [org.apache.ibatis.session.defaults.DefaultSqlSession@76cbee13]
Creating a new SqlSession
SqlSession [org.apache.ibatis.session.defaults.DefaultSqlSession@49322d04] was not registered for synchronization because synchronization is not active
JDBC Connection [HikariProxyConnection@191591531 wrapping conn0: url=jdbc:h2:mem:testdb user=SA] will not be managed by Spring
==>  Preparing: UPDATE product SET stock = stock + 1, status = 'ON_SALE', updated_at = NOW() WHERE id = ? AND status IN ('ON_SALE', 'SOLD')
==> Parameters: 6(Long)
<==    Updates: 1
Closing non transactional SqlSession [org.apache.ibatis.session.defaults.DefaultSqlSession@49322d04]
Creating a new SqlSession
SqlSession [org.apache.ibatis.session.defaults.DefaultSqlSession@55d8f6bb] was not registered for synchronization because synchronization is not active
JDBC Connection [HikariProxyConnection@1454670179 wrapping conn0: url=jdbc:h2:mem:testdb user=SA] will not be managed by Spring
==>  Preparing: UPDATE product SET stock = stock + 1, status = 'ON_SALE', updated_at = NOW() WHERE id = ? AND status IN ('ON_SALE', 'SOLD')
==> Parameters: 6(Long)
<==    Updates: 1
Closing non transactional SqlSession [org.apache.ibatis.session.defaults.DefaultSqlSession@55d8f6bb]
Creating a new SqlSession
SqlSession [org.apache.ibatis.session.defaults.DefaultSqlSession@eb6ccbc] was not registered for synchronization because synchronization is not active
JDBC Connection [HikariProxyConnection@1588476205 wrapping conn0: url=jdbc:h2:mem:testdb user=SA] will not be managed by Spring
==>  Preparing: UPDATE product SET stock = stock + 1, status = 'ON_SALE', updated_at = NOW() WHERE id = ? AND status IN ('ON_SALE', 'SOLD')
==> Parameters: 6(Long)
<==    Updates: 1
Closing non transactional SqlSession [org.apache.ibatis.session.defaults.DefaultSqlSession@eb6ccbc]
Creating a new SqlSession
SqlSession [org.apache.ibatis.session.defaults.DefaultSqlSession@4cd1716d] was not registered for synchronization because synchronization is not active
JDBC Connection [HikariProxyConnection@1042046477 wrapping conn0: url=jdbc:h2:mem:testdb user=SA] will not be managed by Spring
==>  Preparing: UPDATE product SET stock = stock + 1, status = 'ON_SALE', updated_at = NOW() WHERE id = ? AND status IN ('ON_SALE', 'SOLD')
==> Parameters: 6(Long)
<==    Updates: 1
Closing non transactional SqlSession [org.apache.ibatis.session.defaults.DefaultSqlSession@4cd1716d]
Creating a new SqlSession
SqlSession [org.apache.ibatis.session.defaults.DefaultSqlSession@6f7a65e] was not registered for synchronization because synchronization is not active
JDBC Connection [HikariProxyConnection@700420348 wrapping conn0: url=jdbc:h2:mem:testdb user=SA] will not be managed by Spring
==>  Preparing: SELECT id,seller_id,name,description,price,image_url,category,stock,status,created_at,updated_at FROM product WHERE id=?
==> Parameters: 6(Long)
<==    Columns: ID, SELLER_ID, NAME, DESCRIPTION, PRICE, IMAGE_URL, CATEGORY, STOCK, STATUS, CREATED_AT, UPDATED_AT
<==        Row: 6, 1, test-rollback-1767345320206, test, 99.99, /uploads/test.jpg, test, 10, ON_SALE, 2026-01-02 17:15:20.208546, 2026-01-02 17:15:20.225737
<==      Total: 1
Closing non transactional SqlSession [org.apache.ibatis.session.defaults.DefaultSqlSession@6f7a65e]
Creating a new SqlSession
SqlSession [org.apache.ibatis.session.defaults.DefaultSqlSession@6e22d6bf] was not registered for synchronization because synchronization is not active
JDBC Connection [HikariProxyConnection@840044864 wrapping conn0: url=jdbc:h2:mem:testdb user=SA] will not be managed by Spring
==>  Preparing: DELETE FROM product WHERE id=?
==> Parameters: 6(Long)
<==    Updates: 1
Closing non transactional SqlSession [org.apache.ibatis.session.defaults.DefaultSqlSession@6e22d6bf]
]]></system-out>
  </testcase>
  <testcase name="stockRollbackFromSoldStatus" classname="com.cqu.marketplace.product.StockRollbackPropertyTest" time="0.018">
    <system-out><![CDATA[Creating a new SqlSession
SqlSession [org.apache.ibatis.session.defaults.DefaultSqlSession@96c840a] was not registered for synchronization because synchronization is not active
JDBC Connection [HikariProxyConnection@1552014763 wrapping conn0: url=jdbc:h2:mem:testdb user=SA] will not be managed by Spring
==>  Preparing: INSERT INTO product ( seller_id, name, description, price, image_url, category, stock, status, created_at, updated_at ) VALUES ( ?, ?, ?, ?, ?, ?, ?, ?, ?, ? )
==> Parameters: 1(Long), test-rollback-1767345320235(String), test(String), 99.99(BigDecimal), /uploads/test.jpg(String), test(String), 1(Integer), ON_SALE(String), 2026-01-02T17:15:20.236433800(LocalDateTime), 2026-01-02T17:15:20.236433800(LocalDateTime)
<==    Updates: 1
Closing non transactional SqlSession [org.apache.ibatis.session.defaults.DefaultSqlSession@96c840a]
Creating a new SqlSession
SqlSession [org.apache.ibatis.session.defaults.DefaultSqlSession@24ee6faa] was not registered for synchronization because synchronization is not active
JDBC Connection [HikariProxyConnection@114618982 wrapping conn0: url=jdbc:h2:mem:testdb user=SA] will not be managed by Spring
==>  Preparing: UPDATE product SET stock = stock - 1, status = CASE WHEN stock - 1 = 0 THEN 'SOLD' ELSE status END, updated_at = NOW() WHERE id = ? AND stock > 0 AND status = 'ON_SALE'
==> Parameters: 7(Long)
<==    Updates: 1
Closing non transactional SqlSession [org.apache.ibatis.session.defaults.DefaultSqlSession@24ee6faa]
Creating a new SqlSession
SqlSession [org.apache.ibatis.session.defaults.DefaultSqlSession@6b756a62] was not registered for synchronization because synchronization is not active
JDBC Connection [HikariProxyConnection@961256994 wrapping conn0: url=jdbc:h2:mem:testdb user=SA] will not be managed by Spring
==>  Preparing: SELECT id,seller_id,name,description,price,image_url,category,stock,status,created_at,updated_at FROM product WHERE id=?
==> Parameters: 7(Long)
<==    Columns: ID, SELLER_ID, NAME, DESCRIPTION, PRICE, IMAGE_URL, CATEGORY, STOCK, STATUS, CREATED_AT, UPDATED_AT
<==        Row: 7, 1, test-rollback-1767345320235, test, 99.99, /uploads/test.jpg, test, 0, SOLD, 2026-01-02 17:15:20.236434, 2026-01-02 17:15:20.238573
<==      Total: 1
Closing non transactional SqlSession [org.apache.ibatis.session.defaults.DefaultSqlSession@6b756a62]
Creating a new SqlSession
SqlSession [org.apache.ibatis.session.defaults.DefaultSqlSession@fdf029a] was not registered for synchronization because synchronization is not active
JDBC Connection [HikariProxyConnection@1669950711 wrapping conn0: url=jdbc:h2:mem:testdb user=SA] will not be managed by Spring
==>  Preparing: UPDATE product SET stock = stock + 1, status = 'ON_SALE', updated_at = NOW() WHERE id = ? AND status IN ('ON_SALE', 'SOLD')
==> Parameters: 7(Long)
<==    Updates: 1
Closing non transactional SqlSession [org.apache.ibatis.session.defaults.DefaultSqlSession@fdf029a]
Creating a new SqlSession
SqlSession [org.apache.ibatis.session.defaults.DefaultSqlSession@33214124] was not registered for synchronization because synchronization is not active
JDBC Connection [HikariProxyConnection@758606030 wrapping conn0: url=jdbc:h2:mem:testdb user=SA] will not be managed by Spring
==>  Preparing: SELECT id,seller_id,name,description,price,image_url,category,stock,status,created_at,updated_at FROM product WHERE id=?
==> Parameters: 7(Long)
<==    Columns: ID, SELLER_ID, NAME, DESCRIPTION, PRICE, IMAGE_URL, CATEGORY, STOCK, STATUS, CREATED_AT, UPDATED_AT
<==        Row: 7, 1, test-rollback-1767345320235, test, 99.99, /uploads/test.jpg, test, 1, ON_SALE, 2026-01-02 17:15:20.236434, 2026-01-02 17:15:20.242993
<==      Total: 1
Closing non transactional SqlSession [org.apache.ibatis.session.defaults.DefaultSqlSession@33214124]
Creating a new SqlSession
SqlSession [org.apache.ibatis.session.defaults.DefaultSqlSession@517d9cd5] was not registered for synchronization because synchronization is not active
JDBC Connection [HikariProxyConnection@1377194794 wrapping conn0: url=jdbc:h2:mem:testdb user=SA] will not be managed by Spring
==>  Preparing: DELETE FROM product WHERE id=?
==> Parameters: 7(Long)
<==    Updates: 1
Closing non transactional SqlSession [org.apache.ibatis.session.defaults.DefaultSqlSession@517d9cd5]
]]></system-out>
  </testcase>
  <testcase name="deletedProductCannotRollback" classname="com.cqu.marketplace.product.StockRollbackPropertyTest" time="0.045">
    <system-out><![CDATA[Creating a new SqlSession
SqlSession [org.apache.ibatis.session.defaults.DefaultSqlSession@862624f] was not registered for synchronization because synchronization is not active
JDBC Connection [HikariProxyConnection@1734473563 wrapping conn0: url=jdbc:h2:mem:testdb user=SA] will not be managed by Spring
==>  Preparing: INSERT INTO product ( seller_id, name, description, price, image_url, category, stock, status, created_at, updated_at ) VALUES ( ?, ?, ?, ?, ?, ?, ?, ?, ?, ? )
==> Parameters: 1(Long), test-rollback-1767345320255(String), test(String), 99.99(BigDecimal), /uploads/test.jpg(String), test(String), 5(Integer), ON_SALE(String), 2026-01-02T17:15:20.255197600(LocalDateTime), 2026-01-02T17:15:20.255197600(LocalDateTime)
<==    Updates: 1
Closing non transactional SqlSession [org.apache.ibatis.session.defaults.DefaultSqlSession@862624f]
Creating a new SqlSession
SqlSession [org.apache.ibatis.session.defaults.DefaultSqlSession@34ff08c6] was not registered for synchronization because synchronization is not active
JDBC Connection [HikariProxyConnection@1722484876 wrapping conn0: url=jdbc:h2:mem:testdb user=SA] will not be managed by Spring
==>  Preparing: UPDATE product SET seller_id=?, name=?, description=?, price=?, image_url=?, category=?, stock=?, status=?, created_at=?, updated_at=? WHERE id=?
==> Parameters: 1(Long), test-rollback-1767345320255(String), test(String), 99.99(BigDecimal), /uploads/test.jpg(String), test(String), 5(Integer), DELETED(String), 2026-01-02T17:15:20.255197600(LocalDateTime), 2026-01-02T17:15:20.255197600(LocalDateTime), 8(Long)
<==    Updates: 1
Closing non transactional SqlSession [org.apache.ibatis.session.defaults.DefaultSqlSession@34ff08c6]
Creating a new SqlSession
SqlSession [org.apache.ibatis.session.defaults.DefaultSqlSession@7a2fd94c] was not registered for synchronization because synchronization is not active
JDBC Connection [HikariProxyConnection@1669105202 wrapping conn0: url=jdbc:h2:mem:testdb user=SA] will not be managed by Spring
==>  Preparing: UPDATE product SET stock = stock + 1, status = 'ON_SALE', updated_at = NOW() WHERE id = ? AND status IN ('ON_SALE', 'SOLD')
==> Parameters: 8(Long)
<==    Updates: 0
Closing non transactional SqlSession [org.apache.ibatis.session.defaults.DefaultSqlSession@7a2fd94c]
Creating a new SqlSession
SqlSession [org.apache.ibatis.session.defaults.DefaultSqlSession@156eeff1] was not registered for synchronization because synchronization is not active
JDBC Connection [HikariProxyConnection@872422493 wrapping conn0: url=jdbc:h2:mem:testdb user=SA] will not be managed by Spring
==>  Preparing: SELECT id,seller_id,name,description,price,image_url,category,stock,status,created_at,updated_at FROM product WHERE id=?
==> Parameters: 8(Long)
<==    Columns: ID, SELLER_ID, NAME, DESCRIPTION, PRICE, IMAGE_URL, CATEGORY, STOCK, STATUS, CREATED_AT, UPDATED_AT
<==        Row: 8, 1, test-rollback-1767345320255, test, 99.99, /uploads/test.jpg, test, 5, DELETED, 2026-01-02 17:15:20.255198, 2026-01-02 17:15:20.255198
<==      Total: 1
Closing non transactional SqlSession [org.apache.ibatis.session.defaults.DefaultSqlSession@156eeff1]
Creating a new SqlSession
SqlSession [org.apache.ibatis.session.defaults.DefaultSqlSession@55d87b73] was not registered for synchronization because synchronization is not active
JDBC Connection [HikariProxyConnection@1636726625 wrapping conn0: url=jdbc:h2:mem:testdb user=SA] will not be managed by Spring
==>  Preparing: DELETE FROM product WHERE id=?
==> Parameters: 8(Long)
<==    Updates: 1
Closing non transactional SqlSession [org.apache.ibatis.session.defaults.DefaultSqlSession@55d87b73]
]]></system-out>
  </testcase>
  <testcase name="stockRollbackRestoresOriginalValue" classname="com.cqu.marketplace.product.StockRollbackPropertyTest" time="0.068">
    <system-out><![CDATA[Creating a new SqlSession
SqlSession [org.apache.ibatis.session.defaults.DefaultSqlSession@5b643d6e] was not registered for synchronization because synchronization is not active
JDBC Connection [HikariProxyConnection@888721033 wrapping conn0: url=jdbc:h2:mem:testdb user=SA] will not be managed by Spring
==>  Preparing: INSERT INTO product ( seller_id, name, description, price, image_url, category, stock, status, created_at, updated_at ) VALUES ( ?, ?, ?, ?, ?, ?, ?, ?, ?, ? )
==> Parameters: 1(Long), test-rollback-1767345320301(String), test(String), 99.99(BigDecimal), /uploads/test.jpg(String), test(String), 1(Integer), ON_SALE(String), 2026-01-02T17:15:20.302918800(LocalDateTime), 2026-01-02T17:15:20.303213900(LocalDateTime)
<==    Updates: 1
Closing non transactional SqlSession [org.apache.ibatis.session.defaults.DefaultSqlSession@5b643d6e]
Creating a new SqlSession
SqlSession [org.apache.ibatis.session.defaults.DefaultSqlSession@22ed2886] was not registered for synchronization because synchronization is not active
JDBC Connection [HikariProxyConnection@818570949 wrapping conn0: url=jdbc:h2:mem:testdb user=SA] will not be managed by Spring
==>  Preparing: UPDATE product SET stock = stock - 1, status = CASE WHEN stock - 1 = 0 THEN 'SOLD' ELSE status END, updated_at = NOW() WHERE id = ? AND stock > 0 AND status = 'ON_SALE'
==> Parameters: 9(Long)
<==    Updates: 1
Closing non transactional SqlSession [org.apache.ibatis.session.defaults.DefaultSqlSession@22ed2886]
Creating a new SqlSession
SqlSession [org.apache.ibatis.session.defaults.DefaultSqlSession@4abfa2ff] was not registered for synchronization because synchronization is not active
JDBC Connection [HikariProxyConnection@952218023 wrapping conn0: url=jdbc:h2:mem:testdb user=SA] will not be managed by Spring
==>  Preparing: SELECT id,seller_id,name,description,price,image_url,category,stock,status,created_at,updated_at FROM product WHERE id=?
==> Parameters: 9(Long)
<==    Columns: ID, SELLER_ID, NAME, DESCRIPTION, PRICE, IMAGE_URL, CATEGORY, STOCK, STATUS, CREATED_AT, UPDATED_AT
<==        Row: 9, 1, test-rollback-1767345320301, test, 99.99, /uploads/test.jpg, test, 0, SOLD, 2026-01-02 17:15:20.302919, 2026-01-02 17:15:20.30641
<==      Total: 1
Closing non transactional SqlSession [org.apache.ibatis.session.defaults.DefaultSqlSession@4abfa2ff]
Creating a new SqlSession
SqlSession [org.apache.ibatis.session.defaults.DefaultSqlSession@73230721] was not registered for synchronization because synchronization is not active
JDBC Connection [HikariProxyConnection@280804302 wrapping conn0: url=jdbc:h2:mem:testdb user=SA] will not be managed by Spring
==>  Preparing: UPDATE product SET stock = stock + 1, status = 'ON_SALE', updated_at = NOW() WHERE id = ? AND status IN ('ON_SALE', 'SOLD')
==> Parameters: 9(Long)
<==    Updates: 1
Closing non transactional SqlSession [org.apache.ibatis.session.defaults.DefaultSqlSession@73230721]
Creating a new SqlSession
SqlSession [org.apache.ibatis.session.defaults.DefaultSqlSession@27234b7c] was not registered for synchronization because synchronization is not active
JDBC Connection [HikariProxyConnection@307923638 wrapping conn0: url=jdbc:h2:mem:testdb user=SA] will not be managed by Spring
==>  Preparing: SELECT id,seller_id,name,description,price,image_url,category,stock,status,created_at,updated_at FROM product WHERE id=?
==> Parameters: 9(Long)
<==    Columns: ID, SELLER_ID, NAME, DESCRIPTION, PRICE, IMAGE_URL, CATEGORY, STOCK, STATUS, CREATED_AT, UPDATED_AT
<==        Row: 9, 1, test-rollback-1767345320301, test, 99.99, /uploads/test.jpg, test, 1, ON_SALE, 2026-01-02 17:15:20.302919, 2026-01-02 17:15:20.310882
<==      Total: 1
Closing non transactional SqlSession [org.apache.ibatis.session.defaults.DefaultSqlSession@27234b7c]
Creating a new SqlSession
SqlSession [org.apache.ibatis.session.defaults.DefaultSqlSession@792b9dd3] was not registered for synchronization because synchronization is not active
JDBC Connection [HikariProxyConnection@213662707 wrapping conn0: url=jdbc:h2:mem:testdb user=SA] will not be managed by Spring
==>  Preparing: DELETE FROM product WHERE id=?
==> Parameters: 9(Long)
<==    Updates: 1
Closing non transactional SqlSession [org.apache.ibatis.session.defaults.DefaultSqlSession@792b9dd3]
Creating a new SqlSession
SqlSession [org.apache.ibatis.session.defaults.DefaultSqlSession@31f9f9b3] was not registered for synchronization because synchronization is not active
JDBC Connection [HikariProxyConnection@1999690240 wrapping conn0: url=jdbc:h2:mem:testdb user=SA] will not be managed by Spring
==>  Preparing: INSERT INTO product ( seller_id, name, description, price, image_url, category, stock, status, created_at, updated_at ) VALUES ( ?, ?, ?, ?, ?, ?, ?, ?, ?, ? )
==> Parameters: 1(Long), test-rollback-1767345320315(String), test(String), 99.99(BigDecimal), /uploads/test.jpg(String), test(String), 5(Integer), ON_SALE(String), 2026-01-02T17:15:20.316391400(LocalDateTime), 2026-01-02T17:15:20.316391400(LocalDateTime)
<==    Updates: 1
Closing non transactional SqlSession [org.apache.ibatis.session.defaults.DefaultSqlSession@31f9f9b3]
Creating a new SqlSession
SqlSession [org.apache.ibatis.session.defaults.DefaultSqlSession@52d01430] was not registered for synchronization because synchronization is not active
JDBC Connection [HikariProxyConnection@1071570490 wrapping conn0: url=jdbc:h2:mem:testdb user=SA] will not be managed by Spring
==>  Preparing: UPDATE product SET stock = stock - 1, status = CASE WHEN stock - 1 = 0 THEN 'SOLD' ELSE status END, updated_at = NOW() WHERE id = ? AND stock > 0 AND status = 'ON_SALE'
==> Parameters: 10(Long)
<==    Updates: 1
Closing non transactional SqlSession [org.apache.ibatis.session.defaults.DefaultSqlSession@52d01430]
Creating a new SqlSession
SqlSession [org.apache.ibatis.session.defaults.DefaultSqlSession@41948c13] was not registered for synchronization because synchronization is not active
JDBC Connection [HikariProxyConnection@814071547 wrapping conn0: url=jdbc:h2:mem:testdb user=SA] will not be managed by Spring
==>  Preparing: SELECT id,seller_id,name,description,price,image_url,category,stock,status,created_at,updated_at FROM product WHERE id=?
==> Parameters: 10(Long)
<==    Columns: ID, SELLER_ID, NAME, DESCRIPTION, PRICE, IMAGE_URL, CATEGORY, STOCK, STATUS, CREATED_AT, UPDATED_AT
<==        Row: 10, 1, test-rollback-1767345320315, test, 99.99, /uploads/test.jpg, test, 4, ON_SALE, 2026-01-02 17:15:20.316391, 2026-01-02 17:15:20.317393
<==      Total: 1
Closing non transactional SqlSession [org.apache.ibatis.session.defaults.DefaultSqlSession@41948c13]
Creating a new SqlSession
SqlSession [org.apache.ibatis.session.defaults.DefaultSqlSession@62264d4f] was not registered for synchronization because synchronization is not active
JDBC Connection [HikariProxyConnection@734027839 wrapping conn0: url=jdbc:h2:mem:testdb user=SA] will not be managed by Spring
==>  Preparing: UPDATE product SET stock = stock + 1, status = 'ON_SALE', updated_at = NOW() WHERE id = ? AND status IN ('ON_SALE', 'SOLD')
==> Parameters: 10(Long)
<==    Updates: 1
Closing non transactional SqlSession [org.apache.ibatis.session.defaults.DefaultSqlSession@62264d4f]
Creating a new SqlSession
SqlSession [org.apache.ibatis.session.defaults.DefaultSqlSession@4ed19540] was not registered for synchronization because synchronization is not active
JDBC Connection [HikariProxyConnection@1396606983 wrapping conn0: url=jdbc:h2:mem:testdb user=SA] will not be managed by Spring
==>  Preparing: SELECT id,seller_id,name,description,price,image_url,category,stock,status,created_at,updated_at FROM product WHERE id=?
==> Parameters: 10(Long)
<==    Columns: ID, SELLER_ID, NAME, DESCRIPTION, PRICE, IMAGE_URL, CATEGORY, STOCK, STATUS, CREATED_AT, UPDATED_AT
<==        Row: 10, 1, test-rollback-1767345320315, test, 99.99, /uploads/test.jpg, test, 5, ON_SALE, 2026-01-02 17:15:20.316391, 2026-01-02 17:15:20.320393
<==      Total: 1
Closing non transactional SqlSession [org.apache.ibatis.session.defaults.DefaultSqlSession@4ed19540]
Creating a new SqlSession
SqlSession [org.apache.ibatis.session.defaults.DefaultSqlSession@322eb1a] was not registered for synchronization because synchronization is not active
JDBC Connection [HikariProxyConnection@726377177 wrapping conn0: url=jdbc:h2:mem:testdb user=SA] will not be managed by Spring
==>  Preparing: DELETE FROM product WHERE id=?
==> Parameters: 10(Long)
<==    Updates: 1
Closing non transactional SqlSession [org.apache.ibatis.session.defaults.DefaultSqlSession@322eb1a]
Creating a new SqlSession
SqlSession [org.apache.ibatis.session.defaults.DefaultSqlSession@69f24965] was not registered for synchronization because synchronization is not active
JDBC Connection [HikariProxyConnection@1319869164 wrapping conn0: url=jdbc:h2:mem:testdb user=SA] will not be managed by Spring
==>  Preparing: INSERT INTO product ( seller_id, name, description, price, image_url, category, stock, status, created_at, updated_at ) VALUES ( ?, ?, ?, ?, ?, ?, ?, ?, ?, ? )
==> Parameters: 1(Long), test-rollback-1767345320322(String), test(String), 99.99(BigDecimal), /uploads/test.jpg(String), test(String), 10(Integer), ON_SALE(String), 2026-01-02T17:15:20.323472300(LocalDateTime), 2026-01-02T17:15:20.323472300(LocalDateTime)
<==    Updates: 1
Closing non transactional SqlSession [org.apache.ibatis.session.defaults.DefaultSqlSession@69f24965]
Creating a new SqlSession
SqlSession [org.apache.ibatis.session.defaults.DefaultSqlSession@5a45c218] was not registered for synchronization because synchronization is not active
JDBC Connection [HikariProxyConnection@745471715 wrapping conn0: url=jdbc:h2:mem:testdb user=SA] will not be managed by Spring
==>  Preparing: UPDATE product SET stock = stock - 1, status = CASE WHEN stock - 1 = 0 THEN 'SOLD' ELSE status END, updated_at = NOW() WHERE id = ? AND stock > 0 AND status = 'ON_SALE'
==> Parameters: 11(Long)
<==    Updates: 1
Closing non transactional SqlSession [org.apache.ibatis.session.defaults.DefaultSqlSession@5a45c218]
Creating a new SqlSession
SqlSession [org.apache.ibatis.session.defaults.DefaultSqlSession@57ac236a] was not registered for synchronization because synchronization is not active
JDBC Connection [HikariProxyConnection@1161998217 wrapping conn0: url=jdbc:h2:mem:testdb user=SA] will not be managed by Spring
==>  Preparing: SELECT id,seller_id,name,description,price,image_url,category,stock,status,created_at,updated_at FROM product WHERE id=?
==> Parameters: 11(Long)
<==    Columns: ID, SELLER_ID, NAME, DESCRIPTION, PRICE, IMAGE_URL, CATEGORY, STOCK, STATUS, CREATED_AT, UPDATED_AT
<==        Row: 11, 1, test-rollback-1767345320322, test, 99.99, /uploads/test.jpg, test, 9, ON_SALE, 2026-01-02 17:15:20.323472, 2026-01-02 17:15:20.324657
<==      Total: 1
Closing non transactional SqlSession [org.apache.ibatis.session.defaults.DefaultSqlSession@57ac236a]
Creating a new SqlSession
SqlSession [org.apache.ibatis.session.defaults.DefaultSqlSession@3163e03b] was not registered for synchronization because synchronization is not active
JDBC Connection [HikariProxyConnection@1788971282 wrapping conn0: url=jdbc:h2:mem:testdb user=SA] will not be managed by Spring
==>  Preparing: UPDATE product SET stock = stock + 1, status = 'ON_SALE', updated_at = NOW() WHERE id = ? AND status IN ('ON_SALE', 'SOLD')
==> Parameters: 11(Long)
<==    Updates: 1
Closing non transactional SqlSession [org.apache.ibatis.session.defaults.DefaultSqlSession@3163e03b]
Creating a new SqlSession
SqlSession [org.apache.ibatis.session.defaults.DefaultSqlSession@5c20505f] was not registered for synchronization because synchronization is not active
JDBC Connection [HikariProxyConnection@1141714276 wrapping conn0: url=jdbc:h2:mem:testdb user=SA] will not be managed by Spring
==>  Preparing: SELECT id,seller_id,name,description,price,image_url,category,stock,status,created_at,updated_at FROM product WHERE id=?
==> Parameters: 11(Long)
<==    Columns: ID, SELLER_ID, NAME, DESCRIPTION, PRICE, IMAGE_URL, CATEGORY, STOCK, STATUS, CREATED_AT, UPDATED_AT
<==        Row: 11, 1, test-rollback-1767345320322, test, 99.99, /uploads/test.jpg, test, 10, ON_SALE, 2026-01-02 17:15:20.323472, 2026-01-02 17:15:20.327672
<==      Total: 1
Closing non transactional SqlSession [org.apache.ibatis.session.defaults.DefaultSqlSession@5c20505f]
Creating a new SqlSession
SqlSession [org.apache.ibatis.session.defaults.DefaultSqlSession@52d434c1] was not registered for synchronization because synchronization is not active
JDBC Connection [HikariProxyConnection@1560500918 wrapping conn0: url=jdbc:h2:mem:testdb user=SA] will not be managed by Spring
==>  Preparing: DELETE FROM product WHERE id=?
==> Parameters: 11(Long)
<==    Updates: 1
Closing non transactional SqlSession [org.apache.ibatis.session.defaults.DefaultSqlSession@52d434c1]
Creating a new SqlSession
SqlSession [org.apache.ibatis.session.defaults.DefaultSqlSession@3407ded1] was not registered for synchronization because synchronization is not active
JDBC Connection [HikariProxyConnection@1672434342 wrapping conn0: url=jdbc:h2:mem:testdb user=SA] will not be managed by Spring
==>  Preparing: INSERT INTO product ( seller_id, name, description, price, image_url, category, stock, status, created_at, updated_at ) VALUES ( ?, ?, ?, ?, ?, ?, ?, ?, ?, ? )
==> Parameters: 1(Long), test-rollback-1767345320336(String), test(String), 99.99(BigDecimal), /uploads/test.jpg(String), test(String), 20(Integer), ON_SALE(String), 2026-01-02T17:15:20.339915500(LocalDateTime), 2026-01-02T17:15:20.340426(LocalDateTime)
<==    Updates: 1
Closing non transactional SqlSession [org.apache.ibatis.session.defaults.DefaultSqlSession@3407ded1]
Creating a new SqlSession
SqlSession [org.apache.ibatis.session.defaults.DefaultSqlSession@10ae002e] was not registered for synchronization because synchronization is not active
JDBC Connection [HikariProxyConnection@1463758439 wrapping conn0: url=jdbc:h2:mem:testdb user=SA] will not be managed by Spring
==>  Preparing: UPDATE product SET stock = stock - 1, status = CASE WHEN stock - 1 = 0 THEN 'SOLD' ELSE status END, updated_at = NOW() WHERE id = ? AND stock > 0 AND status = 'ON_SALE'
==> Parameters: 12(Long)
<==    Updates: 1
Closing non transactional SqlSession [org.apache.ibatis.session.defaults.DefaultSqlSession@10ae002e]
Creating a new SqlSession
SqlSession [org.apache.ibatis.session.defaults.DefaultSqlSession@5d449307] was not registered for synchronization because synchronization is not active
JDBC Connection [HikariProxyConnection@1156038763 wrapping conn0: url=jdbc:h2:mem:testdb user=SA] will not be managed by Spring
==>  Preparing: SELECT id,seller_id,name,description,price,image_url,category,stock,status,created_at,updated_at FROM product WHERE id=?
==> Parameters: 12(Long)
<==    Columns: ID, SELLER_ID, NAME, DESCRIPTION, PRICE, IMAGE_URL, CATEGORY, STOCK, STATUS, CREATED_AT, UPDATED_AT
<==        Row: 12, 1, test-rollback-1767345320336, test, 99.99, /uploads/test.jpg, test, 19, ON_SALE, 2026-01-02 17:15:20.339916, 2026-01-02 17:15:20.34195
<==      Total: 1
Closing non transactional SqlSession [org.apache.ibatis.session.defaults.DefaultSqlSession@5d449307]
Creating a new SqlSession
SqlSession [org.apache.ibatis.session.defaults.DefaultSqlSession@24a807a9] was not registered for synchronization because synchronization is not active
JDBC Connection [HikariProxyConnection@181033293 wrapping conn0: url=jdbc:h2:mem:testdb user=SA] will not be managed by Spring
==>  Preparing: UPDATE product SET stock = stock + 1, status = 'ON_SALE', updated_at = NOW() WHERE id = ? AND status IN ('ON_SALE', 'SOLD')
==> Parameters: 12(Long)
<==    Updates: 1
Closing non transactional SqlSession [org.apache.ibatis.session.defaults.DefaultSqlSession@24a807a9]
Creating a new SqlSession
SqlSession [org.apache.ibatis.session.defaults.DefaultSqlSession@736f2fb8] was not registered for synchronization because synchronization is not active
JDBC Connection [HikariProxyConnection@158424358 wrapping conn0: url=jdbc:h2:mem:testdb user=SA] will not be managed by Spring
==>  Preparing: SELECT id,seller_id,name,description,price,image_url,category,stock,status,created_at,updated_at FROM product WHERE id=?
==> Parameters: 12(Long)
<==    Columns: ID, SELLER_ID, NAME, DESCRIPTION, PRICE, IMAGE_URL, CATEGORY, STOCK, STATUS, CREATED_AT, UPDATED_AT
<==        Row: 12, 1, test-rollback-1767345320336, test, 99.99, /uploads/test.jpg, test, 20, ON_SALE, 2026-01-02 17:15:20.339916, 2026-01-02 17:15:20.343194
<==      Total: 1
Closing non transactional SqlSession [org.apache.ibatis.session.defaults.DefaultSqlSession@736f2fb8]
Creating a new SqlSession
SqlSession [org.apache.ibatis.session.defaults.DefaultSqlSession@6d8096ee] was not registered for synchronization because synchronization is not active
JDBC Connection [HikariProxyConnection@903395874 wrapping conn0: url=jdbc:h2:mem:testdb user=SA] will not be managed by Spring
==>  Preparing: DELETE FROM product WHERE id=?
==> Parameters: 12(Long)
<==    Updates: 1
Closing non transactional SqlSession [org.apache.ibatis.session.defaults.DefaultSqlSession@6d8096ee]
Creating a new SqlSession
SqlSession [org.apache.ibatis.session.defaults.DefaultSqlSession@3fc051ce] was not registered for synchronization because synchronization is not active
JDBC Connection [HikariProxyConnection@1012642685 wrapping conn0: url=jdbc:h2:mem:testdb user=SA] will not be managed by Spring
==>  Preparing: INSERT INTO product ( seller_id, name, description, price, image_url, category, stock, status, created_at, updated_at ) VALUES ( ?, ?, ?, ?, ?, ?, ?, ?, ?, ? )
==> Parameters: 1(Long), test-rollback-1767345320347(String), test(String), 99.99(BigDecimal), /uploads/test.jpg(String), test(String), 50(Integer), ON_SALE(String), 2026-01-02T17:15:20.347634700(LocalDateTime), 2026-01-02T17:15:20.347634700(LocalDateTime)
<==    Updates: 1
Closing non transactional SqlSession [org.apache.ibatis.session.defaults.DefaultSqlSession@3fc051ce]
Creating a new SqlSession
SqlSession [org.apache.ibatis.session.defaults.DefaultSqlSession@558575fe] was not registered for synchronization because synchronization is not active
JDBC Connection [HikariProxyConnection@637328582 wrapping conn0: url=jdbc:h2:mem:testdb user=SA] will not be managed by Spring
==>  Preparing: UPDATE product SET stock = stock - 1, status = CASE WHEN stock - 1 = 0 THEN 'SOLD' ELSE status END, updated_at = NOW() WHERE id = ? AND stock > 0 AND status = 'ON_SALE'
==> Parameters: 13(Long)
<==    Updates: 1
Closing non transactional SqlSession [org.apache.ibatis.session.defaults.DefaultSqlSession@558575fe]
Creating a new SqlSession
SqlSession [org.apache.ibatis.session.defaults.DefaultSqlSession@180fb796] was not registered for synchronization because synchronization is not active
JDBC Connection [HikariProxyConnection@2041462705 wrapping conn0: url=jdbc:h2:mem:testdb user=SA] will not be managed by Spring
==>  Preparing: SELECT id,seller_id,name,description,price,image_url,category,stock,status,created_at,updated_at FROM product WHERE id=?
==> Parameters: 13(Long)
<==    Columns: ID, SELLER_ID, NAME, DESCRIPTION, PRICE, IMAGE_URL, CATEGORY, STOCK, STATUS, CREATED_AT, UPDATED_AT
<==        Row: 13, 1, test-rollback-1767345320347, test, 99.99, /uploads/test.jpg, test, 49, ON_SALE, 2026-01-02 17:15:20.347635, 2026-01-02 17:15:20.348646
<==      Total: 1
Closing non transactional SqlSession [org.apache.ibatis.session.defaults.DefaultSqlSession@180fb796]
Creating a new SqlSession
SqlSession [org.apache.ibatis.session.defaults.DefaultSqlSession@7fa8fff] was not registered for synchronization because synchronization is not active
JDBC Connection [HikariProxyConnection@1143171370 wrapping conn0: url=jdbc:h2:mem:testdb user=SA] will not be managed by Spring
==>  Preparing: UPDATE product SET stock = stock + 1, status = 'ON_SALE', updated_at = NOW() WHERE id = ? AND status IN ('ON_SALE', 'SOLD')
==> Parameters: 13(Long)
<==    Updates: 1
Closing non transactional SqlSession [org.apache.ibatis.session.defaults.DefaultSqlSession@7fa8fff]
Creating a new SqlSession
SqlSession [org.apache.ibatis.session.defaults.DefaultSqlSession@2175d53f] was not registered for synchronization because synchronization is not active
JDBC Connection [HikariProxyConnection@699278615 wrapping conn0: url=jdbc:h2:mem:testdb user=SA] will not be managed by Spring
==>  Preparing: SELECT id,seller_id,name,description,price,image_url,category,stock,status,created_at,updated_at FROM product WHERE id=?
==> Parameters: 13(Long)
<==    Columns: ID, SELLER_ID, NAME, DESCRIPTION, PRICE, IMAGE_URL, CATEGORY, STOCK, STATUS, CREATED_AT, UPDATED_AT
<==        Row: 13, 1, test-rollback-1767345320347, test, 99.99, /uploads/test.jpg, test, 50, ON_SALE, 2026-01-02 17:15:20.347635, 2026-01-02 17:15:20.351685
<==      Total: 1
Closing non transactional SqlSession [org.apache.ibatis.session.defaults.DefaultSqlSession@2175d53f]
Creating a new SqlSession
SqlSession [org.apache.ibatis.session.defaults.DefaultSqlSession@7a78d2aa] was not registered for synchronization because synchronization is not active
JDBC Connection [HikariProxyConnection@625839862 wrapping conn0: url=jdbc:h2:mem:testdb user=SA] will not be managed by Spring
==>  Preparing: DELETE FROM product WHERE id=?
==> Parameters: 13(Long)
<==    Updates: 1
Closing non transactional SqlSession [org.apache.ibatis.session.defaults.DefaultSqlSession@7a78d2aa]
Creating a new SqlSession
SqlSession [org.apache.ibatis.session.defaults.DefaultSqlSession@2a9e7b4d] was not registered for synchronization because synchronization is not active
JDBC Connection [HikariProxyConnection@1916822932 wrapping conn0: url=jdbc:h2:mem:testdb user=SA] will not be managed by Spring
==>  Preparing: INSERT INTO product ( seller_id, name, description, price, image_url, category, stock, status, created_at, updated_at ) VALUES ( ?, ?, ?, ?, ?, ?, ?, ?, ?, ? )
==> Parameters: 1(Long), test-rollback-1767345320354(String), test(String), 99.99(BigDecimal), /uploads/test.jpg(String), test(String), 100(Integer), ON_SALE(String), 2026-01-02T17:15:20.355487900(LocalDateTime), 2026-01-02T17:15:20.355487900(LocalDateTime)
<==    Updates: 1
Closing non transactional SqlSession [org.apache.ibatis.session.defaults.DefaultSqlSession@2a9e7b4d]
Creating a new SqlSession
SqlSession [org.apache.ibatis.session.defaults.DefaultSqlSession@4e1104f4] was not registered for synchronization because synchronization is not active
JDBC Connection [HikariProxyConnection@123869694 wrapping conn0: url=jdbc:h2:mem:testdb user=SA] will not be managed by Spring
==>  Preparing: UPDATE product SET stock = stock - 1, status = CASE WHEN stock - 1 = 0 THEN 'SOLD' ELSE status END, updated_at = NOW() WHERE id = ? AND stock > 0 AND status = 'ON_SALE'
==> Parameters: 14(Long)
<==    Updates: 1
Closing non transactional SqlSession [org.apache.ibatis.session.defaults.DefaultSqlSession@4e1104f4]
Creating a new SqlSession
SqlSession [org.apache.ibatis.session.defaults.DefaultSqlSession@5eff5e4c] was not registered for synchronization because synchronization is not active
JDBC Connection [HikariProxyConnection@803404994 wrapping conn0: url=jdbc:h2:mem:testdb user=SA] will not be managed by Spring
==>  Preparing: SELECT id,seller_id,name,description,price,image_url,category,stock,status,created_at,updated_at FROM product WHERE id=?
==> Parameters: 14(Long)
<==    Columns: ID, SELLER_ID, NAME, DESCRIPTION, PRICE, IMAGE_URL, CATEGORY, STOCK, STATUS, CREATED_AT, UPDATED_AT
<==        Row: 14, 1, test-rollback-1767345320354, test, 99.99, /uploads/test.jpg, test, 99, ON_SALE, 2026-01-02 17:15:20.355488, 2026-01-02 17:15:20.359501
<==      Total: 1
Closing non transactional SqlSession [org.apache.ibatis.session.defaults.DefaultSqlSession@5eff5e4c]
Creating a new SqlSession
SqlSession [org.apache.ibatis.session.defaults.DefaultSqlSession@69926b6e] was not registered for synchronization because synchronization is not active
JDBC Connection [HikariProxyConnection@2124948043 wrapping conn0: url=jdbc:h2:mem:testdb user=SA] will not be managed by Spring
==>  Preparing: UPDATE product SET stock = stock + 1, status = 'ON_SALE', updated_at = NOW() WHERE id = ? AND status IN ('ON_SALE', 'SOLD')
==> Parameters: 14(Long)
<==    Updates: 1
Closing non transactional SqlSession [org.apache.ibatis.session.defaults.DefaultSqlSession@69926b6e]
Creating a new SqlSession
SqlSession [org.apache.ibatis.session.defaults.DefaultSqlSession@5a010eec] was not registered for synchronization because synchronization is not active
JDBC Connection [HikariProxyConnection@1648225666 wrapping conn0: url=jdbc:h2:mem:testdb user=SA] will not be managed by Spring
==>  Preparing: SELECT id,seller_id,name,description,price,image_url,category,stock,status,created_at,updated_at FROM product WHERE id=?
==> Parameters: 14(Long)
<==    Columns: ID, SELLER_ID, NAME, DESCRIPTION, PRICE, IMAGE_URL, CATEGORY, STOCK, STATUS, CREATED_AT, UPDATED_AT
<==        Row: 14, 1, test-rollback-1767345320354, test, 99.99, /uploads/test.jpg, test, 100, ON_SALE, 2026-01-02 17:15:20.355488, 2026-01-02 17:15:20.361494
<==      Total: 1
Closing non transactional SqlSession [org.apache.ibatis.session.defaults.DefaultSqlSession@5a010eec]
Creating a new SqlSession
SqlSession [org.apache.ibatis.session.defaults.DefaultSqlSession@180e33b0] was not registered for synchronization because synchronization is not active
JDBC Connection [HikariProxyConnection@655089792 wrapping conn0: url=jdbc:h2:mem:testdb user=SA] will not be managed by Spring
==>  Preparing: DELETE FROM product WHERE id=?
==> Parameters: 14(Long)
<==    Updates: 1
Closing non transactional SqlSession [org.apache.ibatis.session.defaults.DefaultSqlSession@180e33b0]
]]></system-out>
  </testcase>
</testsuite>