<?xml version="1.0" encoding="UTF-8"?>
<testsuite xmlns:xsi="http://www.w3.org/2001/XMLSchema-instance" xsi:noNamespaceSchemaLocation="https://maven.apache.org/surefire/maven-surefire-plugin/xsd/surefire-test-report-3.0.xsd" version="3.0" name="com.cqu.marketplace.gateway.InternalApiIsolationPropertyTest" time="0.015" tests="3" errors="0" skipped="0" failures="0">
  <properties>
[...]
</properties>
  <testcase name="encodedInternalApiShouldBeBlocked" classname="com.cqu.marketplace.gateway.InternalApiIsolationPropertyTest" time="0.005">
    <system-out><![CDATA[timestamp = 2026-01-02T17:15:10.473566600, InternalApiIsolationPropertyTest:encodedInternalApiShouldBeBlocked = 
                              |-----------------------jqwik-----------------------
tries = 8                     | # of calls to property
checks = 8                    | # of not rejected calls
generation = EXHAUSTIVE       | parameters are exhaustively generated
after-failure = SAMPLE_FIRST  | try previously failed sample, then previous seed
when-fixed-seed = ALLOW       | fixing the random seed is allowed
edge-cases#mode = MIXIN       | edge cases are mixed in
edge-cases#total = 0          | # of all combined edge cases
edge-cases#tried = 0          | # of edge cases tried in current run
seed = -660446943697089256    | random seed to reproduce generated values


]]></system-out>
  </testcase>
  <testcase name="internalApiShouldBeBlocked" classname="com.cqu.marketplace.gateway.InternalApiIsolationPropertyTest" time="0.003">
    <system-out><![CDATA[timestamp = 2026-01-02T17:15:10.475562800, InternalApiIsolationPropertyTest:internalApiShouldBeBlocked = 
                              |-----------------------jqwik-----------------------
tries = 10                    | # of calls to property
checks = 10                   | # of not rejected calls
generation = EXHAUSTIVE       | parameters are exhaustively generated
after-failure = SAMPLE_FIRST  | try previously failed sample, then previous seed
when-fixed-seed = ALLOW       | fixing the random seed is allowed
edge-cases#mode = MIXIN       | edge cases are mixed in
edge-cases#total = 0          | # of all combined edge cases
edge-cases#tried = 0          | # of edge cases tried in current run
seed = 2772005392715721706    | random seed to reproduce generated values


]]></system-out>
  </testcase>
  <testcase name="normalApiShouldNotBeBlocked" classname="com.cqu.marketplace.gateway.InternalApiIsolationPropertyTest" time="0.003">
    <system-out><![CDATA[timestamp = 2026-01-02T17:15:10.480311800, InternalApiIsolationPropertyTest:normalApiShouldNotBeBlocked = 
                              |-----------------------jqwik-----------------------
tries = 10                    | # of calls to property
checks = 10                   | # of not rejected calls
generation = EXHAUSTIVE       | parameters are exhaustively generated
after-failure = SAMPLE_FIRST  | try previously failed sample, then previous seed
when-fixed-seed = ALLOW       | fixing the random seed is allowed
edge-cases#mode = MIXIN       | edge cases are mixed in
edge-cases#total = 0          | # of all combined edge cases
edge-cases#tried = 0          | # of edge cases tried in current run
seed = 5554714141953545404    | random seed to reproduce generated values


]]></system-out>
  </testcase>
</testsuite>